[2026-06-22 03:52:55] [PIX - ENTRADA BRUTA] {
    "body": "{\n    \"nome\": \"Teste User\",\n    \"email\": \"teste@email.com\",\n    \"cpf\": \"12345678901\",\n    \"valor\": \"349.90\",\n    \"method\": \"pix\",\n    \"currency\": \"BRL\",\n    \"items\": [{\"name\": \"GTA VI\", \"quantity\": 1, \"amount\": 349.90}]\n  }",
    "parsed": {
        "nome": "Teste User",
        "email": "teste@email.com",
        "cpf": "12345678901",
        "valor": "349.90",
        "method": "pix",
        "currency": "BRL",
        "items": [
            {
                "name": "GTA VI",
                "quantity": 1,
                "amount": 349.9
            }
        ]
    },
    "ip": "127.0.0.1",
    "json_error": "No error"
}
---
[2026-06-22 03:52:55] [PIX - PAYLOAD MANGOFY] {
    "store_code": "5f62d3e992c0dd344ecda2d93a6975ff",
    "payment_method": "pix",
    "payment_format": "regular",
    "external_code": "GTA1782093175358721",
    "installments": 1,
    "postback_url": "http:\/\/127.0.0.1:3500\/gta\/api-pix\/postback.php",
    "payment_amount": 34990,
    "shipping_amount": 0,
    "items": [
        {
            "name": "GTA VI",
            "quantity": 1,
            "price": 349.9
        }
    ],
    "customer": {
        "name": "Teste User",
        "email": "teste@email.com",
        "document": "12345678901",
        "phone": "11999999999",
        "ip": "127.0.0.1",
        "type": "individual"
    },
    "pix": {
        "key_type": "cpf",
        "key_value": "12345678901",
        "expires_in_days": 1
    }
}
---
[2026-06-22 03:52:57] [PIX - RESPOSTA MANGOFY] {
    "http": 200,
    "curl_err": null,
    "body": {
        "payment_code": "vpa323w6dj",
        "external_code": "GTA1782093175358721",
        "payment_method": "pix",
        "payment_status": "pending",
        "payment_amount": 34990,
        "sale_amount": 34990,
        "currency": "BRL",
        "shipping_amount": 0,
        "installments": 1,
        "installment_amount": 34990,
        "created_at": "2026-06-21 22:52:50",
        "updated_at": "2026-06-21 22:52:51",
        "expires_at": "2026-06-22 22:52:51",
        "attemps": 1,
        "max_attempts": 1,
        "customer": {
            "name": "Teste User",
            "email": "teste@email.com",
            "document": "42994006154",
            "phone": "11999999999"
        },
        "subscription": [],
        "pix": {
            "pix_qrcode_text": "00020101021226710014br.gov.bcb.pix2549qrcode.owem.com.br\/pix\/r7y6foduiilwhti647rz2cawkr5204000053039865406349.905802BR5922UNIFIED SOLUTIONS LTDA6009SAO PAULO62070503***630475F1",
            "pix_expires_at": "2026-06-23T01:52:51.000000Z"
        },
        "items": [
            {
                "name": "GTA VI",
                "quantity": 1,
                "price": 349.9
            }
        ]
    }
}
---
[2026-06-22 03:53:07] [PIX - ENTRADA BRUTA] {
    "body": "{\r\n    \"method\":  \"pix\",\r\n    \"currency\":  \"BRL\",\r\n    \"valor\":  \"349.90\",\r\n    \"cpf\":  \"12345678901\",\r\n    \"email\":  \"teste@email.com\",\r\n    \"nome\":  \"Teste User\",\r\n    \"items\":  [\r\n                  {\r\n                      \"amount\":  349.9,\r\n                      \"quantity\":  1,\r\n                      \"name\":  \"GTA VI\"\r\n                  }\r\n              ]\r\n}",
    "parsed": {
        "method": "pix",
        "currency": "BRL",
        "valor": "349.90",
        "cpf": "12345678901",
        "email": "teste@email.com",
        "nome": "Teste User",
        "items": [
            {
                "amount": 349.9,
                "quantity": 1,
                "name": "GTA VI"
            }
        ]
    },
    "ip": "127.0.0.1",
    "json_error": "No error"
}
---
[2026-06-22 03:53:07] [PIX - PAYLOAD MANGOFY] {
    "store_code": "5f62d3e992c0dd344ecda2d93a6975ff",
    "payment_method": "pix",
    "payment_format": "regular",
    "external_code": "GTA1782093187819240",
    "installments": 1,
    "postback_url": "http:\/\/127.0.0.1:3500\/gta\/api-pix\/postback.php",
    "payment_amount": 34990,
    "shipping_amount": 0,
    "items": [
        {
            "name": "GTA VI",
            "quantity": 1,
            "price": 349.9
        }
    ],
    "customer": {
        "name": "Teste User",
        "email": "teste@email.com",
        "document": "12345678901",
        "phone": "11999999999",
        "ip": "127.0.0.1",
        "type": "individual"
    },
    "pix": {
        "key_type": "cpf",
        "key_value": "12345678901",
        "expires_in_days": 1
    }
}
---
[2026-06-22 03:53:09] [PIX - RESPOSTA MANGOFY] {
    "http": 200,
    "curl_err": null,
    "body": {
        "payment_code": "vpado8lp06",
        "external_code": "GTA1782093187819240",
        "payment_method": "pix",
        "payment_status": "pending",
        "payment_amount": 34990,
        "sale_amount": 34990,
        "currency": "BRL",
        "shipping_amount": 0,
        "installments": 1,
        "installment_amount": 34990,
        "created_at": "2026-06-21 22:53:02",
        "updated_at": "2026-06-21 22:53:03",
        "expires_at": "2026-06-22 22:53:03",
        "attemps": 1,
        "max_attempts": 1,
        "customer": {
            "name": "Teste User",
            "email": "teste@email.com",
            "document": "52618819608",
            "phone": "11999999999"
        },
        "subscription": [],
        "pix": {
            "pix_qrcode_text": "00020101021226710014br.gov.bcb.pix2549qrcode.owem.com.br\/pix\/dyiqsnrctfey4chuh6ndoryohi5204000053039865406349.905802BR5922UNIFIED SOLUTIONS LTDA6009SAO PAULO62070503***63041D96",
            "pix_expires_at": "2026-06-23T01:53:03.000000Z"
        },
        "items": [
            {
                "name": "GTA VI",
                "quantity": 1,
                "price": 349.9
            }
        ]
    }
}
---
[2026-06-22 03:54:28] [PIX - ENTRADA BRUTA] {
    "body": "{\"nome\":\"BRUNO JARDIM WEEGE\",\"email\":\"bruninho2027@icloud.com\",\"cpf\":\"05026277004\",\"document\":\"05026277004\",\"valor\":349.9,\"value\":\"349.90\",\"method\":\"pix\",\"currency\":\"BRL\",\"items\":[{\"name\":\"Grand Theft Auto VI — Edição Padrão Digital\",\"quantity\":1,\"amount\":349.9}]}",
    "parsed": {
        "nome": "BRUNO JARDIM WEEGE",
        "email": "bruninho2027@icloud.com",
        "cpf": "05026277004",
        "document": "05026277004",
        "valor": 349.9,
        "value": "349.90",
        "method": "pix",
        "currency": "BRL",
        "items": [
            {
                "name": "Grand Theft Auto VI — Edição Padrão Digital",
                "quantity": 1,
                "amount": 349.9
            }
        ]
    },
    "ip": "127.0.0.1",
    "json_error": "No error"
}
---
[2026-06-22 03:54:28] [PIX - PAYLOAD MANGOFY] {
    "store_code": "5f62d3e992c0dd344ecda2d93a6975ff",
    "payment_method": "pix",
    "payment_format": "regular",
    "external_code": "GTA1782093268740479",
    "installments": 1,
    "postback_url": "http:\/\/127.0.0.1:3500\/gta\/api-pix\/postback.php",
    "payment_amount": 34990,
    "shipping_amount": 0,
    "items": [
        {
            "name": "Grand Theft Auto VI — Edição Padrão Digital",
            "quantity": 1,
            "price": 349.9
        }
    ],
    "customer": {
        "name": "BRUNO JARDIM WEEGE",
        "email": "bruninho2027@icloud.com",
        "document": "05026277004",
        "phone": "11999999999",
        "ip": "127.0.0.1",
        "type": "individual"
    },
    "pix": {
        "key_type": "cpf",
        "key_value": "05026277004",
        "expires_in_days": 1
    }
}
---
[2026-06-22 03:54:30] [PIX - RESPOSTA MANGOFY] {
    "http": 200,
    "curl_err": null,
    "body": {
        "payment_code": "vpaor8dgzo",
        "external_code": "GTA1782093268740479",
        "payment_method": "pix",
        "payment_status": "pending",
        "payment_amount": 34990,
        "sale_amount": 34990,
        "currency": "BRL",
        "shipping_amount": 0,
        "installments": 1,
        "installment_amount": 34990,
        "created_at": "2026-06-21 22:54:23",
        "updated_at": "2026-06-21 22:54:24",
        "expires_at": "2026-06-22 22:54:24",
        "attemps": 1,
        "max_attempts": 1,
        "customer": {
            "name": "BRUNO JARDIM WEEGE",
            "email": "bruninho2027@icloud.com",
            "document": "05026277004",
            "phone": "11999999999"
        },
        "subscription": [],
        "pix": {
            "pix_qrcode_text": "00020101021226710014br.gov.bcb.pix2549qrcode.owem.com.br\/pix\/kbwdznliz7djpxtrj2cf4enr2w5204000053039865406349.905802BR5922UNIFIED SOLUTIONS LTDA6009SAO PAULO62070503***6304B2FF",
            "pix_expires_at": "2026-06-23T01:54:24.000000Z"
        },
        "items": [
            {
                "name": "Grand Theft Auto VI — Edição Padrão Digital",
                "quantity": 1,
                "price": 349.9
            }
        ]
    }
}
---
[2026-06-22 03:54:30] [PIX - SAÍDA FRONT] {
    "success": true,
    "sucesso": true,
    "payment_code": "vpaor8dgzo",
    "status": "pending",
    "valor": 34990,
    "data": {
        "id": "vpaor8dgzo",
        "transactionId": "vpaor8dgzo",
        "valor": "349.90",
        "status": "pending",
        "pix_code": "00020101021226710014br.gov.bcb.pix2549qrcode.owem.com.br\/pix\/kbwdznliz7djpxtrj2cf4enr2w5204000053039865406349.905802BR5922UNIFIED SOLUTIONS LTDA6009SAO PAULO62070503***6304B2FF"
    }
}
---
[2026-06-22 03:57:25] [PIX - ENTRADA BRUTA] {
    "body": "{\"nome\":\"Vitória Souza Lindenau\",\"email\":\"brunostreamerpro@gmail.com\",\"cpf\":\"05026277004\",\"document\":\"05026277004\",\"valor\":349.9,\"value\":\"349.90\",\"method\":\"pix\",\"currency\":\"BRL\",\"items\":[{\"name\":\"Grand Theft Auto VI — Edição Padrão Digital\",\"quantity\":1,\"amount\":349.9}]}",
    "parsed": {
        "nome": "Vitória Souza Lindenau",
        "email": "brunostreamerpro@gmail.com",
        "cpf": "05026277004",
        "document": "05026277004",
        "valor": 349.9,
        "value": "349.90",
        "method": "pix",
        "currency": "BRL",
        "items": [
            {
                "name": "Grand Theft Auto VI — Edição Padrão Digital",
                "quantity": 1,
                "amount": 349.9
            }
        ]
    },
    "ip": "127.0.0.1",
    "json_error": "No error"
}
---
[2026-06-22 03:57:25] [PIX - PAYLOAD MANGOFY] {
    "store_code": "5f62d3e992c0dd344ecda2d93a6975ff",
    "payment_method": "pix",
    "payment_format": "regular",
    "external_code": "GTA1782093445227710",
    "installments": 1,
    "postback_url": "http:\/\/127.0.0.1:3500\/gta\/api-pix\/postback.php",
    "payment_amount": 34990,
    "shipping_amount": 0,
    "items": [
        {
            "name": "Grand Theft Auto VI — Edição Padrão Digital",
            "quantity": 1,
            "price": 349.9
        }
    ],
    "customer": {
        "name": "Vitória Souza Lindenau",
        "email": "brunostreamerpro@gmail.com",
        "document": "05026277004",
        "phone": "11999999999",
        "ip": "127.0.0.1",
        "type": "individual"
    },
    "pix": {
        "key_type": "cpf",
        "key_value": "05026277004",
        "expires_in_days": 1
    }
}
---
[2026-06-22 03:57:26] [PIX - RESPOSTA MANGOFY] {
    "http": 200,
    "curl_err": null,
    "body": {
        "payment_code": "vpaz0zgkvy",
        "external_code": "GTA1782093445227710",
        "payment_method": "pix",
        "payment_status": "pending",
        "payment_amount": 34990,
        "sale_amount": 34990,
        "currency": "BRL",
        "shipping_amount": 0,
        "installments": 1,
        "installment_amount": 34990,
        "created_at": "2026-06-21 22:57:20",
        "updated_at": "2026-06-21 22:57:21",
        "expires_at": "2026-06-22 22:57:21",
        "attemps": 1,
        "max_attempts": 1,
        "customer": {
            "name": "Vitória Souza Lindenau",
            "email": "brunostreamerpro@gmail.com",
            "document": "05026277004",
            "phone": "11999999999"
        },
        "subscription": [],
        "pix": {
            "pix_qrcode_text": "00020101021226710014br.gov.bcb.pix2549qrcode.owem.com.br\/pix\/avb64yay64oilxyffgjhtaerk35204000053039865406349.905802BR5922UNIFIED SOLUTIONS LTDA6009SAO PAULO62070503***63040093",
            "pix_expires_at": "2026-06-23T01:57:21.000000Z"
        },
        "items": [
            {
                "name": "Grand Theft Auto VI — Edição Padrão Digital",
                "quantity": 1,
                "price": 349.9
            }
        ]
    }
}
---
[2026-06-22 03:57:26] [PIX - SAÍDA FRONT] {
    "success": true,
    "sucesso": true,
    "payment_code": "vpaz0zgkvy",
    "status": "pending",
    "valor": 34990,
    "data": {
        "id": "vpaz0zgkvy",
        "transactionId": "vpaz0zgkvy",
        "valor": "349.90",
        "status": "pending",
        "pix_code": "00020101021226710014br.gov.bcb.pix2549qrcode.owem.com.br\/pix\/avb64yay64oilxyffgjhtaerk35204000053039865406349.905802BR5922UNIFIED SOLUTIONS LTDA6009SAO PAULO62070503***63040093"
    }
}
---
[2026-06-22 04:01:19] [PIX - ENTRADA BRUTA] {
    "body": "{\"nome\":\"BRUNO JARDIM WEEGE\",\"email\":\"brunostreamerpro@gmail.com\",\"cpf\":\"05026277004\",\"document\":\"05026277004\",\"valor\":349.9,\"value\":\"349.90\",\"method\":\"pix\",\"currency\":\"BRL\",\"items\":[{\"name\":\"Grand Theft Auto VI — Edição Padrão Digital\",\"quantity\":1,\"amount\":349.9}]}",
    "parsed": {
        "nome": "BRUNO JARDIM WEEGE",
        "email": "brunostreamerpro@gmail.com",
        "cpf": "05026277004",
        "document": "05026277004",
        "valor": 349.9,
        "value": "349.90",
        "method": "pix",
        "currency": "BRL",
        "items": [
            {
                "name": "Grand Theft Auto VI — Edição Padrão Digital",
                "quantity": 1,
                "amount": 349.9
            }
        ]
    },
    "ip": "127.0.0.1",
    "json_error": "No error"
}
---
[2026-06-22 04:01:19] [PIX - PAYLOAD MANGOFY] {
    "store_code": "5f62d3e992c0dd344ecda2d93a6975ff",
    "payment_method": "pix",
    "payment_format": "regular",
    "external_code": "GTA1782093679718300",
    "installments": 1,
    "postback_url": "http:\/\/127.0.0.1:3500\/gta\/api-pix\/postback.php",
    "payment_amount": 34990,
    "shipping_amount": 0,
    "items": [
        {
            "name": "Grand Theft Auto VI — Edição Padrão Digital",
            "quantity": 1,
            "price": 349.9
        }
    ],
    "customer": {
        "name": "BRUNO JARDIM WEEGE",
        "email": "brunostreamerpro@gmail.com",
        "document": "05026277004",
        "phone": "11999999999",
        "ip": "127.0.0.1",
        "type": "individual"
    },
    "pix": {
        "key_type": "cpf",
        "key_value": "05026277004",
        "expires_in_days": 1
    }
}
---
[2026-06-22 04:01:21] [PIX - RESPOSTA MANGOFY] {
    "http": 200,
    "curl_err": null,
    "body": {
        "payment_code": "vpa2gnwz73",
        "external_code": "GTA1782093679718300",
        "payment_method": "pix",
        "payment_status": "pending",
        "payment_amount": 34990,
        "sale_amount": 34990,
        "currency": "BRL",
        "shipping_amount": 0,
        "installments": 1,
        "installment_amount": 34990,
        "created_at": "2026-06-21 23:01:14",
        "updated_at": "2026-06-21 23:01:15",
        "expires_at": "2026-06-22 23:01:15",
        "attemps": 1,
        "max_attempts": 1,
        "customer": {
            "name": "BRUNO JARDIM WEEGE",
            "email": "brunostreamerpro@gmail.com",
            "document": "05026277004",
            "phone": "11999999999"
        },
        "subscription": [],
        "pix": {
            "pix_qrcode_text": "00020101021226710014br.gov.bcb.pix2549qrcode.owem.com.br\/pix\/feyqe7ylsy5oyjmoovahzth7ul5204000053039865406349.905802BR5922UNIFIED SOLUTIONS LTDA6009SAO PAULO62070503***6304EB86",
            "pix_expires_at": "2026-06-23T02:01:15.000000Z"
        },
        "items": [
            {
                "name": "Grand Theft Auto VI — Edição Padrão Digital",
                "quantity": 1,
                "price": 349.9
            }
        ]
    }
}
---
[2026-06-22 04:01:21] [PIX - SAÍDA FRONT] {
    "success": true,
    "sucesso": true,
    "payment_code": "vpa2gnwz73",
    "status": "pending",
    "valor": 34990,
    "data": {
        "id": "vpa2gnwz73",
        "transactionId": "vpa2gnwz73",
        "valor": "349.90",
        "status": "pending",
        "pix_code": "00020101021226710014br.gov.bcb.pix2549qrcode.owem.com.br\/pix\/feyqe7ylsy5oyjmoovahzth7ul5204000053039865406349.905802BR5922UNIFIED SOLUTIONS LTDA6009SAO PAULO62070503***6304EB86"
    }
}
---
[2026-06-22 04:03:47] [PIX - ENTRADA BRUTA] {
    "body": "{\"nome\":\"BRUNO JARDIM WEEGE\",\"email\":\"brunostreamerpro@gmail.com\",\"cpf\":\"05026277004\",\"document\":\"05026277004\",\"valor\":349.9,\"value\":\"349.90\",\"method\":\"pix\",\"currency\":\"BRL\",\"items\":[{\"name\":\"Grand Theft Auto VI — Edição Padrão Digital\",\"quantity\":1,\"amount\":349.9}]}",
    "parsed": {
        "nome": "BRUNO JARDIM WEEGE",
        "email": "brunostreamerpro@gmail.com",
        "cpf": "05026277004",
        "document": "05026277004",
        "valor": 349.9,
        "value": "349.90",
        "method": "pix",
        "currency": "BRL",
        "items": [
            {
                "name": "Grand Theft Auto VI — Edição Padrão Digital",
                "quantity": 1,
                "amount": 349.9
            }
        ]
    },
    "ip": "127.0.0.1",
    "json_error": "No error"
}
---
[2026-06-22 04:03:47] [PIX - PAYLOAD MANGOFY] {
    "store_code": "5f62d3e992c0dd344ecda2d93a6975ff",
    "payment_method": "pix",
    "payment_format": "regular",
    "external_code": "GTA1782093827882584",
    "installments": 1,
    "postback_url": "http:\/\/127.0.0.1:3500\/gta\/api-pix\/postback.php",
    "payment_amount": 34990,
    "shipping_amount": 0,
    "items": [
        {
            "name": "Grand Theft Auto VI — Edição Padrão Digital",
            "quantity": 1,
            "price": 349.9
        }
    ],
    "customer": {
        "name": "BRUNO JARDIM WEEGE",
        "email": "brunostreamerpro@gmail.com",
        "document": "05026277004",
        "phone": "11999999999",
        "ip": "127.0.0.1",
        "type": "individual"
    },
    "pix": {
        "key_type": "cpf",
        "key_value": "05026277004",
        "expires_in_days": 1
    }
}
---
[2026-06-22 04:03:49] [PIX - RESPOSTA MANGOFY] {
    "http": 200,
    "curl_err": null,
    "body": {
        "payment_code": "vpa630wdzm",
        "external_code": "GTA1782093827882584",
        "payment_method": "pix",
        "payment_status": "pending",
        "payment_amount": 34990,
        "sale_amount": 34990,
        "currency": "BRL",
        "shipping_amount": 0,
        "installments": 1,
        "installment_amount": 34990,
        "created_at": "2026-06-21 23:03:42",
        "updated_at": "2026-06-21 23:03:43",
        "expires_at": "2026-06-22 23:03:43",
        "attemps": 1,
        "max_attempts": 1,
        "customer": {
            "name": "BRUNO JARDIM WEEGE",
            "email": "brunostreamerpro@gmail.com",
            "document": "05026277004",
            "phone": "11999999999"
        },
        "subscription": [],
        "pix": {
            "pix_qrcode_text": "00020101021226710014br.gov.bcb.pix2549qrcode.owem.com.br\/pix\/45zvgbgp5my65b5svyzw5glay45204000053039865406349.905802BR5922UNIFIED SOLUTIONS LTDA6009SAO PAULO62070503***63040CE3",
            "pix_expires_at": "2026-06-23T02:03:43.000000Z"
        },
        "items": [
            {
                "name": "Grand Theft Auto VI — Edição Padrão Digital",
                "quantity": 1,
                "price": 349.9
            }
        ]
    }
}
---
[2026-06-22 04:03:49] [PIX - SAÍDA FRONT] {
    "success": true,
    "sucesso": true,
    "payment_code": "vpa630wdzm",
    "status": "pending",
    "valor": 34990,
    "data": {
        "id": "vpa630wdzm",
        "transactionId": "vpa630wdzm",
        "valor": "349.90",
        "status": "pending",
        "pix_code": "00020101021226710014br.gov.bcb.pix2549qrcode.owem.com.br\/pix\/45zvgbgp5my65b5svyzw5glay45204000053039865406349.905802BR5922UNIFIED SOLUTIONS LTDA6009SAO PAULO62070503***63040CE3"
    }
}
---
[2026-06-24 21:18:15] [PIX - ENTRADA BRUTA] {
    "body": "{\"nome\":\"BRUNO JARDIM WEEGE\",\"email\":\"vitorialindenau2@gmail.com\",\"cpf\":\"05026277004\",\"document\":\"05026277004\",\"valor\":349.9,\"value\":\"349.90\",\"method\":\"pix\",\"currency\":\"BRL\",\"items\":[{\"name\":\"Grand Theft Auto VI — Edição Padrão Digital\",\"quantity\":1,\"amount\":349.9}]}",
    "parsed": {
        "nome": "BRUNO JARDIM WEEGE",
        "email": "vitorialindenau2@gmail.com",
        "cpf": "05026277004",
        "document": "05026277004",
        "valor": 349.9,
        "value": "349.90",
        "method": "pix",
        "currency": "BRL",
        "items": [
            {
                "name": "Grand Theft Auto VI — Edição Padrão Digital",
                "quantity": 1,
                "amount": 349.9
            }
        ]
    },
    "ip": "::1",
    "json_error": "No error"
}
---
[2026-06-24 21:18:15] [PIX - PAYLOAD MANGOFY] {
    "store_code": "5f62d3e992c0dd344ecda2d93a6975ff",
    "payment_method": "pix",
    "payment_format": "regular",
    "external_code": "GTA1782328695982962",
    "installments": 1,
    "postback_url": "http:\/\/127.0.0.1:3500\/gta\/api-pix\/postback.php",
    "payment_amount": 34990,
    "shipping_amount": 0,
    "items": [
        {
            "name": "Grand Theft Auto VI — Edição Padrão Digital",
            "quantity": 1,
            "price": 349.9
        }
    ],
    "customer": {
        "name": "BRUNO JARDIM WEEGE",
        "email": "vitorialindenau2@gmail.com",
        "document": "05026277004",
        "phone": "11999999999",
        "ip": "::1",
        "type": "individual"
    },
    "pix": {
        "key_type": "cpf",
        "key_value": "05026277004",
        "expires_in_days": 1
    }
}
---
[2026-06-24 21:18:17] [PIX - RESPOSTA MANGOFY] {
    "http": 200,
    "curl_err": null,
    "body": {
        "payment_code": "vpaz0z53ny",
        "external_code": "GTA1782328695982962",
        "payment_method": "pix",
        "payment_status": "pending",
        "payment_amount": 34990,
        "sale_amount": 34990,
        "currency": "BRL",
        "shipping_amount": 0,
        "installments": 1,
        "installment_amount": 34990,
        "created_at": "2026-06-24 16:18:10",
        "updated_at": "2026-06-24 16:18:12",
        "expires_at": "2026-06-25 16:18:12",
        "attemps": 1,
        "max_attempts": 1,
        "customer": {
            "name": "BRUNO JARDIM WEEGE",
            "email": "vitorialindenau2@gmail.com",
            "document": "05026277004",
            "phone": "11999999999"
        },
        "subscription": [],
        "pix": {
            "pix_qrcode_text": "00020126900014br.gov.bcb.pix2568pix.onlyup.com.br\/qr\/v3\/at\/cobv\/8f8fe799-1cd9-4dbf-a7f4-3cfe95fa5e075204000053039865802BR5911PAYLUX-LTDA6008CURITIBA62070503***630495B7",
            "pix_expires_at": "2026-06-25T19:18:12.000000Z"
        },
        "items": [
            {
                "name": "Grand Theft Auto VI — Edição Padrão Digital",
                "quantity": 1,
                "price": 349.9
            }
        ]
    }
}
---
[2026-06-24 21:18:17] [PIX - SAÍDA FRONT] {
    "success": true,
    "sucesso": true,
    "payment_code": "vpaz0z53ny",
    "status": "pending",
    "valor": 34990,
    "data": {
        "id": "vpaz0z53ny",
        "transactionId": "vpaz0z53ny",
        "valor": "349.90",
        "status": "pending",
        "pix_code": "00020126900014br.gov.bcb.pix2568pix.onlyup.com.br\/qr\/v3\/at\/cobv\/8f8fe799-1cd9-4dbf-a7f4-3cfe95fa5e075204000053039865802BR5911PAYLUX-LTDA6008CURITIBA62070503***630495B7"
    }
}
---
[2026-06-24 21:20:37] [PIX - ENTRADA BRUTA] {
    "body": "{\"nome\":\"BRUNO JARDIM WEEGE\",\"email\":\"brunostreamerpro@gmail.com\",\"cpf\":\"05026277004\",\"document\":\"05026277004\",\"valor\":349.9,\"value\":\"349.90\",\"method\":\"pix\",\"currency\":\"BRL\",\"items\":[{\"name\":\"Grand Theft Auto VI — Edição Padrão Digital\",\"quantity\":1,\"amount\":349.9}]}",
    "parsed": {
        "nome": "BRUNO JARDIM WEEGE",
        "email": "brunostreamerpro@gmail.com",
        "cpf": "05026277004",
        "document": "05026277004",
        "valor": 349.9,
        "value": "349.90",
        "method": "pix",
        "currency": "BRL",
        "items": [
            {
                "name": "Grand Theft Auto VI — Edição Padrão Digital",
                "quantity": 1,
                "amount": 349.9
            }
        ]
    },
    "ip": "::1",
    "json_error": "No error"
}
---
[2026-06-24 21:20:37] [PIX - PAYLOAD MANGOFY] {
    "store_code": "5f62d3e992c0dd344ecda2d93a6975ff",
    "payment_method": "pix",
    "payment_format": "regular",
    "external_code": "GTA1782328837519595",
    "installments": 1,
    "postback_url": "http:\/\/127.0.0.1:3500\/gta\/api-pix\/postback.php",
    "payment_amount": 34990,
    "shipping_amount": 0,
    "items": [
        {
            "name": "Grand Theft Auto VI — Edição Padrão Digital",
            "quantity": 1,
            "price": 349.9
        }
    ],
    "customer": {
        "name": "BRUNO JARDIM WEEGE",
        "email": "brunostreamerpro@gmail.com",
        "document": "05026277004",
        "phone": "11999999999",
        "ip": "::1",
        "type": "individual"
    },
    "pix": {
        "key_type": "cpf",
        "key_value": "05026277004",
        "expires_in_days": 1
    }
}
---
[2026-06-24 21:20:38] [PIX - RESPOSTA MANGOFY] {
    "http": 200,
    "curl_err": null,
    "body": {
        "payment_code": "vpan3ngprp",
        "external_code": "GTA1782328837519595",
        "payment_method": "pix",
        "payment_status": "pending",
        "payment_amount": 34990,
        "sale_amount": 34990,
        "currency": "BRL",
        "shipping_amount": 0,
        "installments": 1,
        "installment_amount": 34990,
        "created_at": "2026-06-24 16:20:32",
        "updated_at": "2026-06-24 16:20:33",
        "expires_at": "2026-06-25 16:20:33",
        "attemps": 1,
        "max_attempts": 1,
        "customer": {
            "name": "BRUNO JARDIM WEEGE",
            "email": "brunostreamerpro@gmail.com",
            "document": "05026277004",
            "phone": "11999999999"
        },
        "subscription": [],
        "pix": {
            "pix_qrcode_text": "00020126900014br.gov.bcb.pix2568pix.onlyup.com.br\/qr\/v3\/at\/cobv\/d542396e-5610-489f-a8eb-fb581718ada45204000053039865802BR5911PAYLUX-LTDA6008CURITIBA62070503***6304C9C9",
            "pix_expires_at": "2026-06-25T19:20:33.000000Z"
        },
        "items": [
            {
                "name": "Grand Theft Auto VI — Edição Padrão Digital",
                "quantity": 1,
                "price": 349.9
            }
        ]
    }
}
---
[2026-06-24 21:20:38] [PIX - SAÍDA FRONT] {
    "success": true,
    "sucesso": true,
    "payment_code": "vpan3ngprp",
    "status": "pending",
    "valor": 34990,
    "data": {
        "id": "vpan3ngprp",
        "transactionId": "vpan3ngprp",
        "valor": "349.90",
        "status": "pending",
        "pix_code": "00020126900014br.gov.bcb.pix2568pix.onlyup.com.br\/qr\/v3\/at\/cobv\/d542396e-5610-489f-a8eb-fb581718ada45204000053039865802BR5911PAYLUX-LTDA6008CURITIBA62070503***6304C9C9"
    }
}
---
[2026-06-24 21:27:08] [PIX - ENTRADA BRUTA] {
    "body": "{\"nome\":\"BRUNO JARDIM WEEGE\",\"email\":\"brunostreamerpro@gmail.comA\",\"cpf\":\"05026277004\",\"document\":\"05026277004\",\"valor\":415,\"value\":\"415.00\",\"method\":\"pix\",\"currency\":\"BRL\",\"items\":[{\"name\":\"Grand Theft Auto VI — Grand Theft Auto VI - Standard\",\"quantity\":1,\"amount\":415}]}",
    "parsed": {
        "nome": "BRUNO JARDIM WEEGE",
        "email": "brunostreamerpro@gmail.comA",
        "cpf": "05026277004",
        "document": "05026277004",
        "valor": 415,
        "value": "415.00",
        "method": "pix",
        "currency": "BRL",
        "items": [
            {
                "name": "Grand Theft Auto VI — Grand Theft Auto VI - Standard",
                "quantity": 1,
                "amount": 415
            }
        ]
    },
    "ip": "::1",
    "json_error": "No error"
}
---
[2026-06-24 21:27:08] [PIX - PAYLOAD MANGOFY] {
    "store_code": "5f62d3e992c0dd344ecda2d93a6975ff",
    "payment_method": "pix",
    "payment_format": "regular",
    "external_code": "GTA1782329228656283",
    "installments": 1,
    "postback_url": "http:\/\/127.0.0.1:3500\/gta\/api-pix\/postback.php",
    "payment_amount": 41500,
    "shipping_amount": 0,
    "items": [
        {
            "name": "Grand Theft Auto VI — Grand Theft Auto VI - Standard",
            "quantity": 1,
            "price": 415
        }
    ],
    "customer": {
        "name": "BRUNO JARDIM WEEGE",
        "email": "brunostreamerpro@gmail.comA",
        "document": "05026277004",
        "phone": "11999999999",
        "ip": "::1",
        "type": "individual"
    },
    "pix": {
        "key_type": "cpf",
        "key_value": "05026277004",
        "expires_in_days": 1
    }
}
---
[2026-06-24 21:27:10] [PIX - RESPOSTA MANGOFY] {
    "http": 200,
    "curl_err": null,
    "body": {
        "payment_code": "vpal3jy2nl",
        "external_code": "GTA1782329228656283",
        "payment_method": "pix",
        "payment_status": "pending",
        "payment_amount": 41500,
        "sale_amount": 41500,
        "currency": "BRL",
        "shipping_amount": 0,
        "installments": 1,
        "installment_amount": 41500,
        "created_at": "2026-06-24 16:27:03",
        "updated_at": "2026-06-24 16:27:04",
        "expires_at": "2026-06-25 16:27:04",
        "attemps": 1,
        "max_attempts": 1,
        "customer": {
            "name": "BRUNO JARDIM WEEGE",
            "email": "customer+05026277004@mangofy.com.br",
            "document": "05026277004",
            "phone": "11999999999"
        },
        "subscription": [],
        "pix": {
            "pix_qrcode_text": "00020126900014br.gov.bcb.pix2568pix.onlyup.com.br\/qr\/v3\/at\/cobv\/cb724956-160e-4875-93f0-402166076fb25204000053039865802BR5911PAYLUX-LTDA6008CURITIBA62070503***6304144C",
            "pix_expires_at": "2026-06-25T19:27:04.000000Z"
        },
        "items": [
            {
                "name": "Grand Theft Auto VI — Grand Theft Auto VI - Standard",
                "quantity": 1,
                "price": 415
            }
        ]
    }
}
---
[2026-06-24 21:27:10] [PIX - SAÍDA FRONT] {
    "success": true,
    "sucesso": true,
    "payment_code": "vpal3jy2nl",
    "status": "pending",
    "valor": 41500,
    "data": {
        "id": "vpal3jy2nl",
        "transactionId": "vpal3jy2nl",
        "valor": "415.00",
        "status": "pending",
        "pix_code": "00020126900014br.gov.bcb.pix2568pix.onlyup.com.br\/qr\/v3\/at\/cobv\/cb724956-160e-4875-93f0-402166076fb25204000053039865802BR5911PAYLUX-LTDA6008CURITIBA62070503***6304144C"
    }
}
---
